<?xml version="1.0" encoding="UTF-8"?>
<testng-results ignored="0" total="0" passed="0" failed="0" skipped="0">
  <reporter-output>
  </reporter-output>
  <suite started-at="2022-11-06T14:54:47 IST" name="org.testing.annotations.Test" finished-at="2022-11-06T14:54:47 IST" duration-ms="23">
    <groups>
    </groups>
    <test started-at="2022-11-06T14:54:47 IST" name="Command line test" finished-at="2022-11-06T14:54:47 IST" duration-ms="23">
    </test> <!-- Command line test -->
  </suite> <!-- org.testing.annotations.Test -->
</testng-results>
